Flutter crash report; please file at https://github.com/flutter/flutter/issues.

## command

flutter upgrade

## exception

ArgumentError: Invalid argument(s): Cannot find executable for /Users/huanglingyu/Flutter/flutter/bin/cache/dart-sdk/bin/pub.

```
#0      _getExecutable (package:process/src/interface/local_process_manager.dart:113)
#1      LocalProcessManager.start (package:process/src/interface/local_process_manager.dart:41)
#2      runCommand (package:flutter_tools/src/base/process.dart:115)
#3      runCommandAndStreamOutput (package:flutter_tools/src/base/process.dart:133)
<asynchronous suspension>
#4      pub (package:flutter_tools/src/dart/pub.dart:153)
<asynchronous suspension>
#5      pubGet (package:flutter_tools/src/dart/pub.dart:104)
<asynchronous suspension>
#6      UpgradeCommand.runCommand (package:flutter_tools/src/commands/upgrade.dart:75)
<asynchronous suspension>
#7      FlutterCommand.verifyThenRunCommand (package:flutter_tools/src/runner/flutter_command.dart:333)
<asynchronous suspension>
#8      FlutterCommand.run.<anonymous closure> (package:flutter_tools/src/runner/flutter_command.dart:270)
<asynchronous suspension>
#9      AppContext.run.<anonymous closure> (package:flutter_tools/src/base/context.dart:142)
<asynchronous suspension>
#10     _rootRun (dart:async/zone.dart:1126)
#11     _CustomZone.run (dart:async/zone.dart:1023)
#12     runZoned (dart:async/zone.dart:1501)
#13     AppContext.run (package:flutter_tools/src/base/context.dart:141)
<asynchronous suspension>
#14     FlutterCommand.run (package:flutter_tools/src/runner/flutter_command.dart:261)
#15     CommandRunner.runCommand (package:args/command_runner.dart:194)
<asynchronous suspension>
#16     FlutterCommandRunner.runCommand.<anonymous closure> (package:flutter_tools/src/runner/flutter_command_runner.dart:298)
<asynchronous suspension>
#17     AppContext.run.<anonymous closure> (package:flutter_tools/src/base/context.dart:142)
<asynchronous suspension>
#18     _rootRun (dart:async/zone.dart:1126)
#19     _CustomZone.run (dart:async/zone.dart:1023)
#20     runZoned (dart:async/zone.dart:1501)
#21     AppContext.run (package:flutter_tools/src/base/context.dart:141)
<asynchronous suspension>
#22     FlutterCommandRunner.runCommand (package:flutter_tools/src/runner/flutter_command_runner.dart:254)
<asynchronous suspension>
#23     CommandRunner.run.<anonymous closure> (package:args/command_runner.dart:109)
#24     new Future.sync (dart:async/future.dart:222)
#25     CommandRunner.run (package:args/command_runner.dart:109)
#26     FlutterCommandRunner.run (package:flutter_tools/src/runner/flutter_command_runner.dart:168)
#27     run.<anonymous closure> (package:flutter_tools/runner.dart:54)
<asynchronous suspension>
#28     AppContext.run.<anonymous closure> (package:flutter_tools/src/base/context.dart:142)
<asynchronous suspension>
#29     _rootRun (dart:async/zone.dart:1126)
#30     _CustomZone.run (dart:async/zone.dart:1023)
#31     runZoned (dart:async/zone.dart:1501)
#32     AppContext.run (package:flutter_tools/src/base/context.dart:141)
<asynchronous suspension>
#33     runInContext (package:flutter_tools/src/context_runner.dart:41)
<asynchronous suspension>
#34     run (package:flutter_tools/runner.dart:49)
#35     main (package:flutter_tools/executable.dart:48)
<asynchronous suspension>
#36     main (file:///Users/huanglingyu/Flutter/flutter/packages/flutter_tools/bin/flutter_tools.dart:16)
#37     _startIsolate.<anonymous closure> (dart:isolate-patch/dart:isolate/isolate_patch.dart:277)
#38     _RawReceivePortImpl._handleMessage (dart:isolate-patch/dart:isolate/isolate_patch.dart:165)
```

## flutter doctor

```
[✓] Flutter (Channel beta, v0.2.8, on Mac OS X 10.13.5 17F77, locale zh-Hans-CN)
    • Flutter version 0.2.8 at /Users/huanglingyu/Flutter/flutter
    • Framework revision b397406561 (2 months ago), 2018-05-11 21:44:54 -0700
    • Engine revision 06afdfe54e
    • Dart version 2.0.0-dev.43.0.flutter-52afcba357

[!] Android toolchain - develop for Android devices (Android SDK 27.0.3)
    • Android SDK at /Users/huanglingyu/Library/Android/sdk
    • Android NDK at /Users/huanglingyu/Library/Android/sdk/ndk-bundle
    • Platform android-27, build-tools 27.0.3
    • Java binary at: /Applications/Android Studio.app/Contents/jre/jdk/Contents/Home/bin/java
    • Java version OpenJDK Runtime Environment (build 1.8.0_152-release-1024-b01)
    ! Some Android licenses not accepted.  To resolve this, run: flutter doctor --android-licenses

[✓] iOS toolchain - develop for iOS devices (Xcode 9.4)
    • Xcode at /Applications/Xcode.app/Contents/Developer
    • Xcode 9.4, Build version 9F1027a
    • ios-deploy 1.9.2
    • CocoaPods version 1.5.0

[✓] Android Studio (version 3.1)
    • Android Studio at /Applications/Android Studio.app/Contents
    • Java version OpenJDK Runtime Environment (build 1.8.0_152-release-1024-b01)

[✓] IntelliJ IDEA Ultimate Edition (version 2017.3.1)
    • IntelliJ at /Applications/IntelliJ IDEA.app
    • Flutter plugin version 24.2.1
    • Dart plugin version 173.3942.31

[✓] VS Code (version 1.24.0)
    • VS Code at /Applications/Visual Studio Code.app/Contents
    • Dart Code extension version 2.13.2

[!] Connected devices
    ! No devices available

! Doctor found issues in 2 categories.
```
